#
# A fatal error has been detected by the Java Runtime Environment:
#
#  SIGSEGV (0xb) at pc=0x00007f793e04bea4, pid=8338, tid=0x00007f79254f0700
#
# JRE version: Java(TM) SE Runtime Environment (8.0_161-b12) (build 1.8.0_161-b12)
# Java VM: Java HotSpot(TM) 64-Bit Server VM (25.161-b12 mixed mode linux-amd64 compressed oops)
# Problematic frame:
# V  [libjvm.so+0x81fea4]  PhaseIdealLoop::build_loop_late_post(Node*)+0x144
#
# Failed to write core dump. Core dumps have been disabled. To enable core dumping, try "ulimit -c unlimited" before starting Java again
#
# If you would like to submit a bug report, please visit:
#   http://bugreport.java.com/bugreport/crash.jsp
#

---------------  T H R E A D  ---------------

Current thread (0x00007f79380ba000):  JavaThread "C2 CompilerThread0" daemon [_thread_in_native, id=8353, stack(0x00007f79253f0000,0x00007f79254f1000)]

siginfo: si_signo: 11 (SIGSEGV), si_code: 1 (SEGV_MAPERR), si_addr: 0x0000000000000008

Registers:
RAX=0x0000000000000000, RBX=0x00007f79254ed610, RCX=0x0000000000000000, RDX=0x00000000000015a3
RSP=0x00007f79254eb330, RBP=0x00007f79254eb360, RSI=0x0000000000000000, RDI=0x00007f78ec956fc0
R8 =0x0000000000000000, R9 =0x00007f78ec86f5d8, R10=0x00007f78f0450610, R11=0x00007f793e9bf390
R12=0x00007f78f044e428, R13=0x00007f78f044ff08, R14=0x00007f78f0450558, R15=0x0000000000000028
RIP=0x00007f793e04bea4, EFLAGS=0x0000000000010206, CSGSFS=0x0000000000000033, ERR=0x0000000000000004
  TRAPNO=0x000000000000000e

Top of Stack: (sp=0x00007f79254eb330)
0x00007f79254eb330:   00007f79254ed630 00007f79254eb650
0x00007f79254eb340:   00007f78f0450558 00007f79254eb690
0x00007f79254eb350:   0000000000000001 0000000000000028
0x00007f79254eb360:   00007f79254eb3c0 00007f793e04c45c
0x00007f79254eb370:   00007f7900000001 00007f78e455e0b8
0x00007f79254eb380:   00007f79254eb670 00007f79254ed610
0x00007f79254eb390:   00007f79254edfc8 0000000000000001
0x00007f79254eb3a0:   00007f78ec0b9570 00007f79254ed610
0x00007f79254eb3b0:   00007f79254eb670 00007f79380bac00
0x00007f79254eb3c0:   00007f79254eb6e0 00007f793e04f085
0x00007f79254eb3d0:   00007f78e43503b8 00007f79254eb690
0x00007f79254eb3e0:   00007f79254eb650 0000000000000001
0x00007f79254eb3f0:   00007f79254ed630 00007f7800000010
0x00007f79254eb400:   00007f79380bac00 0000000000000004
0x00007f79254eb410:   00007f78ec463660 00007f7800000000
0x00007f79254eb420:   00007f79254eb4e0 00007f793dc33858
0x00007f79254eb430:   00007f79254eb4b0 00007f793e0bf999
0x00007f79254eb440:   00007f79254eb540 00007f78ec721060
0x00007f79254eb450:   000000000000007b 0000000000020010
0x00007f79254eb460:   00007f79254eb4d0 00000619002bdeeb
0x00007f79254eb470:   00007f793e7e1f58 0000000000000001
0x00007f79254eb480:   ffff8086dab14b31 00007f79254eb4cf
0x00007f79254eb490:   0000000000000800 0000083000002002
0x00007f79254eb4a0:   0000000000000100 0000000000000020
0x00007f79254eb4b0:   0000008e0000015b 0000000000000004
0x00007f79254eb4c0:   0000000000000000 0000007c0000007b
0x00007f79254eb4d0:   00007f78ec3259c8 00007f78ec721060
0x00007f79254eb4e0:   00007f79254eb650 00007f793dc35c60
0x00007f79254eb4f0:   00007f79254eb600 00007f78ec000020
0x00007f79254eb500:   0000000000020010 0000000000020010
0x00007f79254eb510:   0000000000000000 0000000000000000
0x00007f79254eb520:   00007f79254eb590 00007f793e8ad184 

Instructions: (pc=0x00007f793e04bea4)
0x00007f793e04be84:   00 00 8b 70 28 49 89 c4 0f 1f 40 00 89 f0 48 8d
0x00007f793e04be94:   3c c5 00 00 00 00 48 03 bb f8 09 00 00 48 8b 0f
0x00007f793e04bea4:   48 8b 41 08 48 83 38 00 75 2b 8b 73 28 0f 1f 80
0x00007f793e04beb4:   00 00 00 00 8b 41 28 31 c9 39 f0 73 0e 89 c2 48 

Register to memory mapping:

RAX=0x0000000000000000 is an unknown value
RBX=0x00007f79254ed610 is pointing into the stack for thread: 0x00007f79380ba000
RCX=0x0000000000000000 is an unknown value
RDX=0x00000000000015a3 is an unknown value
RSP=0x00007f79254eb330 is pointing into the stack for thread: 0x00007f79380ba000
RBP=0x00007f79254eb360 is pointing into the stack for thread: 0x00007f79380ba000
RSI=0x0000000000000000 is an unknown value
RDI=0x00007f78ec956fc0 is an unknown value
R8 =0x0000000000000000 is an unknown value
R9 =0x00007f78ec86f5d8 is an unknown value
R10=0x00007f78f0450610 is an unknown value
R11=0x00007f793e9bf390: <offset 0x196390> in /lib/x86_64-linux-gnu/libc.so.6 at 0x00007f793e829000
R12=0x00007f78f044e428 is an unknown value
R13=0x00007f78f044ff08 is an unknown value
R14=0x00007f78f0450558 is an unknown value
R15=0x0000000000000028 is an unknown value


Stack: [0x00007f79253f0000,0x00007f79254f1000],  sp=0x00007f79254eb330,  free space=1004k
Native frames: (J=compiled Java code, j=interpreted, Vv=VM code, C=native code)
V  [libjvm.so+0x81fea4]  PhaseIdealLoop::build_loop_late_post(Node*)+0x144
V  [libjvm.so+0x82045c]  PhaseIdealLoop::build_loop_late(VectorSet&, Node_List&, Node_Stack&)+0x13c
V  [libjvm.so+0x823085]  PhaseIdealLoop::build_and_optimize(bool, bool)+0x835
V  [libjvm.so+0x4a653e]  Compile::Optimize()+0x5de
V  [libjvm.so+0x4a95c9]  Compile::Compile(ciEnv*, C2Compiler*, ciMethod*, int, bool, bool, bool)+0x13c9
V  [libjvm.so+0x3f57d5]  C2Compiler::compile_method(ciEnv*, ciMethod*, int)+0x1f5
V  [libjvm.so+0x4b3c2a]  CompileBroker::invoke_compiler_on_method(CompileTask*)+0xcba
V  [libjvm.so+0x4b4bd6]  CompileBroker::compiler_thread_loop()+0x5d6
V  [libjvm.so+0xa7eaa3]  JavaThread::thread_main_inner()+0x103
V  [libjvm.so+0xa7ebec]  JavaThread::run()+0x11c
V  [libjvm.so+0x92da28]  java_start(Thread*)+0x108
C  [libpthread.so.0+0x76ba]  start_thread+0xca


Current CompileTask:
C2:1007291 4119       4       algorithm.MyAlgorithm2::CheckPointCorveringBySet (1859 bytes)


---------------  P R O C E S S  ---------------

Java Threads: ( => current thread )
  0x00007f78c4046000 JavaThread "Thread-6" [_thread_in_Java, id=10386, stack(0x00007f791d1f2000,0x00007f791d2f3000)]
  0x00007f78c40e7800 JavaThread "TimerQueue" daemon [_thread_blocked, id=8380, stack(0x00007f791db76000,0x00007f791dc77000)]
  0x00007f793800b000 JavaThread "DestroyJavaVM" [_thread_blocked, id=8339, stack(0x00007f793f328000,0x00007f793f429000)]
  0x00007f793822d800 JavaThread "AWT-EventQueue-0" [_thread_blocked, id=8363, stack(0x00007f791e91f000,0x00007f791ea20000)]
  0x00007f793822b800 JavaThread "AWT-Shutdown" [_thread_blocked, id=8362, stack(0x00007f791ea20000,0x00007f791eb21000)]
  0x00007f79381e2800 JavaThread "AWT-XAWT" daemon [_thread_in_native, id=8359, stack(0x00007f791ed23000,0x00007f791ee24000)]
  0x00007f79381c0800 JavaThread "Java2D Disposer" daemon [_thread_blocked, id=8358, stack(0x00007f791f234000,0x00007f791f335000)]
  0x00007f79380c2000 JavaThread "Service Thread" daemon [_thread_blocked, id=8356, stack(0x00007f79250ed000,0x00007f79251ee000)]
  0x00007f79380bf000 JavaThread "C1 CompilerThread2" daemon [_thread_blocked, id=8355, stack(0x00007f79251ee000,0x00007f79252ef000)]
  0x00007f79380bd000 JavaThread "C2 CompilerThread1" daemon [_thread_in_native, id=8354, stack(0x00007f79252ef000,0x00007f79253f0000)]
=>0x00007f79380ba000 JavaThread "C2 CompilerThread0" daemon [_thread_in_native, id=8353, stack(0x00007f79253f0000,0x00007f79254f1000)]
  0x00007f79380b8800 JavaThread "Signal Dispatcher" daemon [_thread_blocked, id=8352, stack(0x00007f79254f1000,0x00007f79255f2000)]
  0x00007f7938085000 JavaThread "Finalizer" daemon [_thread_blocked, id=8351, stack(0x00007f7925a48000,0x00007f7925b49000)]
  0x00007f7938080800 JavaThread "Reference Handler" daemon [_thread_blocked, id=8350, stack(0x00007f7925b49000,0x00007f7925c4a000)]

Other Threads:
  0x00007f7938078800 VMThread [stack: 0x00007f7925c4a000,0x00007f7925d4b000] [id=8349]
  0x00007f79380c7000 WatcherThread [stack: 0x00007f7924fec000,0x00007f79250ed000] [id=8357]

VM state:not at safepoint (normal execution)

VM Mutex/Monitor currently owned by a thread: None

Heap:
 PSYoungGen      total 312320K, used 34369K [0x000000076bb00000, 0x0000000789a80000, 0x00000007c0000000)
  eden space 311808K, 11% used [0x000000076bb00000,0x000000076dc90688,0x000000077eb80000)
  from space 512K, 0% used [0x000000077eb80000,0x000000077eb80000,0x000000077ec00000)
  to   space 89600K, 0% used [0x0000000784300000,0x0000000784300000,0x0000000789a80000)
 ParOldGen       total 699392K, used 12139K [0x00000006c3000000, 0x00000006edb00000, 0x000000076bb00000)
  object space 699392K, 1% used [0x00000006c3000000,0x00000006c3bdad80,0x00000006edb00000)
 Metaspace       used 20024K, capacity 20262K, committed 20608K, reserved 1067008K
  class space    used 2320K, capacity 2391K, committed 2432K, reserved 1048576K

Card table byte_map: [0x00007f7928817000,0x00007f7929000000] byte_map_base: 0x00007f79251ff000

Marking Bits: (ParMarkBitMap*) 0x00007f793e7fb920
 Begin Bits: [0x00007f7900180000, 0x00007f79040c0000)
 End Bits:   [0x00007f79040c0000, 0x00007f7908000000)

Polling page: 0x00007f793f44e000

CodeCache: size=245760Kb used=12432Kb max_used=12444Kb free=233327Kb
 bounds [0x00007f7929000000, 0x00007f7929c40000, 0x00007f7938000000]
 total_blobs=4194 nmethods=3435 adapters=668
 compilation: enabled

Compilation events (10 events):
Event: 1007,105 Thread 0x00007f79380ba000 nmethod 4118% 0x00007f7929c329d0 code [0x00007f7929c32d60, 0x00007f7929c35ab8]
Event: 1007,105 Thread 0x00007f79380ba000 4119       4       algorithm.MyAlgorithm2::CheckPointCorveringBySet (1859 bytes)
Event: 1007,153 Thread 0x00007f79380bd000 nmethod 4127% 0x00007f7929c39450 code [0x00007f7929c397c0, 0x00007f7929c3b8c8]
Event: 1007,153 Thread 0x00007f79380bd000 4129 %     4       algorithm.MyAlgorithm2::CheckExitSet @ 6 (142 bytes)
Event: 1007,163 Thread 0x00007f79380bf000 4131       3       algorithm.MyAlgorithm2::ComCallBack (88 bytes)
Event: 1007,164 Thread 0x00007f79380bf000 nmethod 4131 0x00007f7929c1e990 code [0x00007f7929c1eb20, 0x00007f7929c1ef58]
Event: 1007,170 Thread 0x00007f79380bd000 nmethod 4129% 0x00007f7929c2fb10 code [0x00007f7929c2fd00, 0x00007f7929c30458]
Event: 1007,170 Thread 0x00007f79380bd000 4132       4       algorithm.MyAlgorithm2::ResultCombi (287 bytes)
Event: 1007,193 Thread 0x00007f79380bf000 4134       3       java.util.Collections::sort (8 bytes)
Event: 1007,193 Thread 0x00007f79380bf000 nmethod 4134 0x00007f7929810910 code [0x00007f7929810a80, 0x00007f7929810c88]

GC Heap History (10 events):
Event: 244,676 GC heap before
{Heap before GC invocations=21 (full 2):
 PSYoungGen      total 314880K, used 3026K [0x000000076bb00000, 0x0000000789c80000, 0x00000007c0000000)
  eden space 311808K, 0% used [0x000000076bb00000,0x000000076bb00000,0x000000077eb80000)
  from space 3072K, 98% used [0x000000077fa80000,0x000000077fd74bf8,0x000000077fd80000)
  to   space 90624K, 0% used [0x0000000784400000,0x0000000784400000,0x0000000789c80000)
 ParOldGen       total 699392K, used 230828K [0x00000006c3000000, 0x00000006edb00000, 0x000000076bb00000)
  object space 699392K, 33% used [0x00000006c3000000,0x00000006d116b128,0x00000006edb00000)
 Metaspace       used 19174K, capacity 19426K, committed 19840K, reserved 1067008K
  class space    used 2285K, capacity 2353K, committed 2432K, reserved 1048576K
Event: 244,730 GC heap after
Heap after GC invocations=21 (full 2):
 PSYoungGen      total 314880K, used 0K [0x000000076bb00000, 0x0000000789c80000, 0x00000007c0000000)
  eden space 311808K, 0% used [0x000000076bb00000,0x000000076bb00000,0x000000077eb80000)
  from space 3072K, 0% used [0x000000077fa80000,0x000000077fa80000,0x000000077fd80000)
  to   space 90624K, 0% used [0x0000000784400000,0x0000000784400000,0x0000000789c80000)
 ParOldGen       total 699392K, used 13249K [0x00000006c3000000, 0x00000006edb00000, 0x000000076bb00000)
  object space 699392K, 1% used [0x00000006c3000000,0x00000006c3cf0400,0x00000006edb00000)
 Metaspace       used 19174K, capacity 19426K, committed 19840K, reserved 1067008K
  class space    used 2285K, capacity 2353K, committed 2432K, reserved 1048576K
}
Event: 571,211 GC heap before
{Heap before GC invocations=22 (full 2):
 PSYoungGen      total 314880K, used 195768K [0x000000076bb00000, 0x0000000789c80000, 0x00000007c0000000)
  eden space 311808K, 62% used [0x000000076bb00000,0x0000000777a2e3f0,0x000000077eb80000)
  from space 3072K, 0% used [0x000000077fa80000,0x000000077fa80000,0x000000077fd80000)
  to   space 90624K, 0% used [0x0000000784400000,0x0000000784400000,0x0000000789c80000)
 ParOldGen       total 699392K, used 13249K [0x00000006c3000000, 0x00000006edb00000, 0x000000076bb00000)
  object space 699392K, 1% used [0x00000006c3000000,0x00000006c3cf0400,0x00000006edb00000)
 Metaspace       used 19726K, capacity 19904K, committed 20352K, reserved 1067008K
  class space    used 2304K, capacity 2358K, committed 2432K, reserved 1048576K
Event: 571,216 GC heap after
Heap after GC invocations=22 (full 2):
 PSYoungGen      total 402432K, used 640K [0x000000076bb00000, 0x0000000789c80000, 0x00000007c0000000)
  eden space 311808K, 0% used [0x000000076bb00000,0x000000076bb00000,0x000000077eb80000)
  from space 90624K, 0% used [0x0000000784400000,0x00000007844a0000,0x0000000789c80000)
  to   space 90624K, 0% used [0x000000077eb80000,0x000000077eb80000,0x0000000784400000)
 ParOldGen       total 699392K, used 13257K [0x00000006c3000000, 0x00000006edb00000, 0x000000076bb00000)
  object space 699392K, 1% used [0x00000006c3000000,0x00000006c3cf2400,0x00000006edb00000)
 Metaspace       used 19726K, capacity 19904K, committed 20352K, reserved 1067008K
  class space    used 2304K, capacity 2358K, committed 2432K, reserved 1048576K
}
Event: 571,216 GC heap before
{Heap before GC invocations=23 (full 3):
 PSYoungGen      total 402432K, used 640K [0x000000076bb00000, 0x0000000789c80000, 0x00000007c0000000)
  eden space 311808K, 0% used [0x000000076bb00000,0x000000076bb00000,0x000000077eb80000)
  from space 90624K, 0% used [0x0000000784400000,0x00000007844a0000,0x0000000789c80000)
  to   space 90624K, 0% used [0x000000077eb80000,0x000000077eb80000,0x0000000784400000)
 ParOldGen       total 699392K, used 13257K [0x00000006c3000000, 0x00000006edb00000, 0x000000076bb00000)
  object space 699392K, 1% used [0x00000006c3000000,0x00000006c3cf2400,0x00000006edb00000)
 Metaspace       used 19726K, capacity 19904K, committed 20352K, reserved 1067008K
  class space    used 2304K, capacity 2358K, committed 2432K, reserved 1048576K
Event: 571,275 GC heap after
Heap after GC invocations=23 (full 3):
 PSYoungGen      total 402432K, used 0K [0x000000076bb00000, 0x0000000789c80000, 0x00000007c0000000)
  eden space 311808K, 0% used [0x000000076bb00000,0x000000076bb00000,0x000000077eb80000)
  from space 90624K, 0% used [0x0000000784400000,0x0000000784400000,0x0000000789c80000)
  to   space 90624K, 0% used [0x000000077eb80000,0x000000077eb80000,0x0000000784400000)
 ParOldGen       total 699392K, used 12329K [0x00000006c3000000, 0x00000006edb00000, 0x000000076bb00000)
  object space 699392K, 1% used [0x00000006c3000000,0x00000006c3c0a640,0x00000006edb00000)
 Metaspace       used 19726K, capacity 19904K, committed 20352K, reserved 1067008K
  class space    used 2304K, capacity 2358K, committed 2432K, reserved 1048576K
}
Event: 571,283 GC heap before
{Heap before GC invocations=24 (full 3):
 PSYoungGen      total 402432K, used 9362K [0x000000076bb00000, 0x0000000789c80000, 0x00000007c0000000)
  eden space 311808K, 3% used [0x000000076bb00000,0x000000076c424aa8,0x000000077eb80000)
  from space 90624K, 0% used [0x0000000784400000,0x0000000784400000,0x0000000789c80000)
  to   space 90624K, 0% used [0x000000077eb80000,0x000000077eb80000,0x0000000784400000)
 ParOldGen       total 699392K, used 12329K [0x00000006c3000000, 0x00000006edb00000, 0x000000076bb00000)
  object space 699392K, 1% used [0x00000006c3000000,0x00000006c3c0a640,0x00000006edb00000)
 Metaspace       used 19730K, capacity 19904K, committed 20352K, reserved 1067008K
  class space    used 2305K, capacity 2358K, committed 2432K, reserved 1048576K
Event: 571,285 GC heap after
Heap after GC invocations=24 (full 3):
 PSYoungGen      total 312320K, used 192K [0x000000076bb00000, 0x0000000789a80000, 0x00000007c0000000)
  eden space 311808K, 0% used [0x000000076bb00000,0x000000076bb00000,0x000000077eb80000)
  from space 512K, 37% used [0x000000077eb80000,0x000000077ebb0000,0x000000077ec00000)
  to   space 89600K, 0% used [0x0000000784300000,0x0000000784300000,0x0000000789a80000)
 ParOldGen       total 699392K, used 12329K [0x00000006c3000000, 0x00000006edb00000, 0x000000076bb00000)
  object space 699392K, 1% used [0x00000006c3000000,0x00000006c3c0a640,0x00000006edb00000)
 Metaspace       used 19730K, capacity 19904K, committed 20352K, reserved 1067008K
  class space    used 2305K, capacity 2358K, committed 2432K, reserved 1048576K
}
Event: 571,285 GC heap before
{Heap before GC invocations=25 (full 4):
 PSYoungGen      total 312320K, used 192K [0x000000076bb00000, 0x0000000789a80000, 0x00000007c0000000)
  eden space 311808K, 0% used [0x000000076bb00000,0x000000076bb00000,0x000000077eb80000)
  from space 512K, 37% used [0x000000077eb80000,0x000000077ebb0000,0x000000077ec00000)
  to   space 89600K, 0% used [0x0000000784300000,0x0000000784300000,0x0000000789a80000)
 ParOldGen       total 699392K, used 12329K [0x00000006c3000000, 0x00000006edb00000, 0x000000076bb00000)
  object space 699392K, 1% used [0x00000006c3000000,0x00000006c3c0a640,0x00000006edb00000)
 Metaspace       used 19730K, capacity 19904K, committed 20352K, reserved 1067008K
  class space    used 2305K, capacity 2358K, committed 2432K, reserved 1048576K
Event: 571,326 GC heap after
Heap after GC invocations=25 (full 4):
 PSYoungGen      total 312320K, used 0K [0x000000076bb00000, 0x0000000789a80000, 0x00000007c0000000)
  eden space 311808K, 0% used [0x000000076bb00000,0x000000076bb00000,0x000000077eb80000)
  from space 512K, 0% used [0x000000077eb80000,0x000000077eb80000,0x000000077ec00000)
  to   space 89600K, 0% used [0x0000000784300000,0x0000000784300000,0x0000000789a80000)
 ParOldGen       total 699392K, used 12139K [0x00000006c3000000, 0x00000006edb00000, 0x000000076bb00000)
  object space 699392K, 1% used [0x00000006c3000000,0x00000006c3bdad80,0x00000006edb00000)
 Metaspace       used 19730K, capacity 19904K, committed 20352K, reserved 1067008K
  class space    used 2305K, capacity 2358K, committed 2432K, reserved 1048576K
}

Deoptimization events (10 events):
Event: 860,317 Thread 0x00007f79381e2800 Uncommon trap: reason=class_check action=maybe_recompile pc=0x00007f79298b29dc method=sun.awt.X11.XBaseWindow.dispatchEvent(Lsun/awt/X11/XEvent;)V @ 198
Event: 880,428 Thread 0x00007f79381e2800 Uncommon trap: reason=class_check action=maybe_recompile pc=0x00007f79298b29dc method=sun.awt.X11.XBaseWindow.dispatchEvent(Lsun/awt/X11/XEvent;)V @ 198
Event: 930,012 Thread 0x00007f79381e2800 Uncommon trap: reason=class_check action=maybe_recompile pc=0x00007f79298b29dc method=sun.awt.X11.XBaseWindow.dispatchEvent(Lsun/awt/X11/XEvent;)V @ 198
Event: 934,249 Thread 0x00007f793822d800 Uncommon trap: reason=unstable_if action=reinterpret pc=0x00007f7929aa14a0 method=sun.swing.DefaultLayoutStyle.getPreferredGap(Ljavax/swing/JComponent;Ljavax/swing/JComponent;Ljavax/swing/LayoutStyle$ComponentPlacement;ILjava/awt/Container;)I @ 67
Event: 999,157 Thread 0x00007f79381e2800 Uncommon trap: reason=class_check action=maybe_recompile pc=0x00007f79298b29dc method=sun.awt.X11.XBaseWindow.dispatchEvent(Lsun/awt/X11/XEvent;)V @ 198
Event: 1006,997 Thread 0x00007f78c4046000 Uncommon trap: reason=unstable_if action=reinterpret pc=0x00007f79298156b8 method=java.lang.Integer.compare(II)I @ 2
Event: 1006,997 Thread 0x00007f78c4046000 Uncommon trap: reason=unstable_if action=reinterpret pc=0x00007f7929813b70 method=java.lang.Integer.compare(II)I @ 2
Event: 1006,998 Thread 0x00007f78c4046000 Uncommon trap: reason=unstable_if action=reinterpret pc=0x00007f79298111d0 method=java.lang.Integer.compare(II)I @ 2
Event: 1006,998 Thread 0x00007f78c4046000 Uncommon trap: reason=unstable_if action=reinterpret pc=0x00007f7929755ad4 method=java.lang.Integer.compare(II)I @ 2
Event: 1007,192 Thread 0x00007f78c4046000 Uncommon trap: reason=unstable_if action=reinterpret pc=0x00007f7929c1cf78 method=java.lang.Integer.compare(II)I @ 2

Classes redefined (0 events):
No events

Internal exceptions (10 events):
Event: 440,592 Thread 0x00007f793822d800 Exception <a 'java/lang/UnsupportedOperationException': > (0x000000076d5194c0) thrown at [/HUDSON/workspace/8-2-build-linux-amd64/jdk8u161/10277/hotspot/src/share/vm/prims/jni.cpp, line 735]
Event: 448,290 Thread 0x00007f793822d800 Exception <a 'java/lang/UnsupportedOperationException': > (0x000000076e329840) thrown at [/HUDSON/workspace/8-2-build-linux-amd64/jdk8u161/10277/hotspot/src/share/vm/prims/jni.cpp, line 735]
Event: 560,537 Thread 0x00007f793822d800 Exception <a 'java/lang/UnsupportedOperationException': > (0x000000077687be80) thrown at [/HUDSON/workspace/8-2-build-linux-amd64/jdk8u161/10277/hotspot/src/share/vm/prims/jni.cpp, line 735]
Event: 569,810 Thread 0x00007f793822d800 Exception <a 'java/lang/UnsupportedOperationException': > (0x00000007773b2c80) thrown at [/HUDSON/workspace/8-2-build-linux-amd64/jdk8u161/10277/hotspot/src/share/vm/prims/jni.cpp, line 735]
Event: 571,442 Thread 0x00007f793822d800 Exception <a 'java/lang/UnsupportedOperationException': > (0x000000076beee510) thrown at [/HUDSON/workspace/8-2-build-linux-amd64/jdk8u161/10277/hotspot/src/share/vm/prims/jni.cpp, line 735]
Event: 611,632 Thread 0x00007f793822d800 Exception <a 'java/lang/UnsupportedOperationException': > (0x000000076c4dc110) thrown at [/HUDSON/workspace/8-2-build-linux-amd64/jdk8u161/10277/hotspot/src/share/vm/prims/jni.cpp, line 735]
Event: 615,613 Thread 0x00007f793822d800 Exception <a 'java/lang/UnsupportedOperationException': > (0x000000076c55a950) thrown at [/HUDSON/workspace/8-2-build-linux-amd64/jdk8u161/10277/hotspot/src/share/vm/prims/jni.cpp, line 735]
Event: 931,586 Thread 0x00007f793822d800 Exception <a 'java/lang/UnsupportedOperationException': > (0x000000076ccee128) thrown at [/HUDSON/workspace/8-2-build-linux-amd64/jdk8u161/10277/hotspot/src/share/vm/prims/jni.cpp, line 735]
Event: 934,418 Thread 0x00007f793822d800 Exception <a 'java/lang/UnsupportedOperationException': > (0x000000076ce37cc8) thrown at [/HUDSON/workspace/8-2-build-linux-amd64/jdk8u161/10277/hotspot/src/share/vm/prims/jni.cpp, line 735]
Event: 995,537 Thread 0x00007f793822d800 Exception <a 'java/lang/UnsupportedOperationException': > (0x000000076ce9e488) thrown at [/HUDSON/workspace/8-2-build-linux-amd64/jdk8u161/10277/hotspot/src/share/vm/prims/jni.cpp, line 735]

Events (10 events):
Event: 1007,279 Thread 0x00007f78c4046000 DEOPT PACKING pc=0x00007f79298174f5 sp=0x00007f791d2f0e70
Event: 1007,279 Thread 0x00007f78c4046000 DEOPT UNPACKING pc=0x00007f7929047784 sp=0x00007f791d2f0bb8 mode 0
Event: 1007,282 Thread 0x00007f78c4046000 DEOPT PACKING pc=0x00007f7929817484 sp=0x00007f791d2f0e70
Event: 1007,282 Thread 0x00007f78c4046000 DEOPT UNPACKING pc=0x00007f7929047784 sp=0x00007f791d2f0bb8 mode 0
Event: 1007,284 Thread 0x00007f78c4046000 DEOPT PACKING pc=0x00007f79298174f5 sp=0x00007f791d2f0e70
Event: 1007,284 Thread 0x00007f78c4046000 DEOPT UNPACKING pc=0x00007f7929047784 sp=0x00007f791d2f0bb8 mode 0
Event: 1007,285 Thread 0x00007f78c4046000 DEOPT PACKING pc=0x00007f7929c0fb7a sp=0x00007f791d2f0bc0
Event: 1007,285 Thread 0x00007f78c4046000 DEOPT UNPACKING pc=0x00007f7929047784 sp=0x00007f791d2f0b68 mode 0
Event: 1007,286 Thread 0x00007f78c4046000 DEOPT PACKING pc=0x00007f79298174f5 sp=0x00007f791d2f0e70
Event: 1007,286 Thread 0x00007f78c4046000 DEOPT UNPACKING pc=0x00007f7929047784 sp=0x00007f791d2f0bb8 mode 0


Dynamic libraries:
00400000-00401000 r-xp 00000000 08:06 1710185                            /usr/lib/jvm/java-8-oracle/bin/java
00600000-00601000 rw-p 00000000 08:06 1710185                            /usr/lib/jvm/java-8-oracle/bin/java
01925000-01946000 rw-p 00000000 00:00 0                                  [heap]
6c3000000-6edb00000 rw-p 00000000 00:00 0 
6edb00000-76bb00000 ---p 00000000 00:00 0 
76bb00000-789a80000 rw-p 00000000 00:00 0 
789a80000-7c0000000 ---p 00000000 00:00 0 
7c0000000-7c0260000 rw-p 00000000 00:00 0 
7c0260000-800000000 ---p 00000000 00:00 0 
7f78b8000000-7f78b80f6000 rw-p 00000000 00:00 0 
7f78b80f6000-7f78bc000000 ---p 00000000 00:00 0 
7f78bc000000-7f78bc021000 rw-p 00000000 00:00 0 
7f78bc021000-7f78c0000000 ---p 00000000 00:00 0 
7f78c1403000-7f78c1404000 ---p 00000000 00:00 0 
7f78c1404000-7f78c1c04000 rw-p 00000000 00:00 0 
7f78c1c04000-7f78c3d60000 r-xp 00000000 08:06 3232087                    /home/dauto98/ICT/lab/cplex/cplex/bin/x86-64_linux/libcplex1280remotejni.so
7f78c3d60000-7f78c3f5f000 ---p 0215c000 08:06 3232087                    /home/dauto98/ICT/lab/cplex/cplex/bin/x86-64_linux/libcplex1280remotejni.so
7f78c3f5f000-7f78c3f81000 r--p 0215b000 08:06 3232087                    /home/dauto98/ICT/lab/cplex/cplex/bin/x86-64_linux/libcplex1280remotejni.so
7f78c3f81000-7f78c3fb5000 rw-p 0217d000 08:06 3232087                    /home/dauto98/ICT/lab/cplex/cplex/bin/x86-64_linux/libcplex1280remotejni.so
7f78c3fb5000-7f78c4000000 rw-p 00000000 00:00 0 
7f78c4000000-7f78c413a000 rw-p 00000000 00:00 0 
7f78c413a000-7f78c8000000 ---p 00000000 00:00 0 
7f78c8000000-7f78c8021000 rw-p 00000000 00:00 0 
7f78c8021000-7f78cc000000 ---p 00000000 00:00 0 
7f78cc000000-7f78cc021000 rw-p 00000000 00:00 0 
7f78cc021000-7f78d0000000 ---p 00000000 00:00 0 
7f78d0000000-7f78d0021000 rw-p 00000000 00:00 0 
7f78d0021000-7f78d4000000 ---p 00000000 00:00 0 
7f78d4000000-7f78d4032000 rw-p 00000000 00:00 0 
7f78d4032000-7f78d8000000 ---p 00000000 00:00 0 
7f78d8000000-7f78d8f86000 rw-p 00000000 00:00 0 
7f78d8f86000-7f78dc000000 ---p 00000000 00:00 0 
7f78dc000000-7f78dc021000 rw-p 00000000 00:00 0 
7f78dc021000-7f78e0000000 ---p 00000000 00:00 0 
7f78e0000000-7f78e0021000 rw-p 00000000 00:00 0 
7f78e0021000-7f78e4000000 ---p 00000000 00:00 0 
7f78e4000000-7f78e4799000 rw-p 00000000 00:00 0 
7f78e4799000-7f78e8000000 ---p 00000000 00:00 0 
7f78e8000000-7f78e8021000 rw-p 00000000 00:00 0 
7f78e8021000-7f78ec000000 ---p 00000000 00:00 0 
7f78ec000000-7f78ed55e000 rw-p 00000000 00:00 0 
7f78ed55e000-7f78f0000000 ---p 00000000 00:00 0 
7f78f0000000-7f78f1219000 rw-p 00000000 00:00 0 
7f78f1219000-7f78f4000000 ---p 00000000 00:00 0 
7f78f4000000-7f78f4021000 rw-p 00000000 00:00 0 
7f78f4021000-7f78f8000000 ---p 00000000 00:00 0 
7f78f8000000-7f78f8021000 rw-p 00000000 00:00 0 
7f78f8021000-7f78fc000000 ---p 00000000 00:00 0 
7f78fc000000-7f78fc021000 rw-p 00000000 00:00 0 
7f78fc021000-7f7900000000 ---p 00000000 00:00 0 
7f7900180000-7f7908000000 rw-p 00000000 00:00 0 
7f7908000000-7f7908021000 rw-p 00000000 00:00 0 
7f7908021000-7f790c000000 ---p 00000000 00:00 0 
7f790c000000-7f790c03c000 rw-p 00000000 00:00 0 
7f790c03c000-7f7910000000 ---p 00000000 00:00 0 
7f7910000000-7f7910021000 rw-p 00000000 00:00 0 
7f7910021000-7f7914000000 ---p 00000000 00:00 0 
7f79147fe000-7f79147ff000 ---p 00000000 00:00 0 
7f79147ff000-7f7918000000 rw-p 00000000 00:00 0 
7f7918000000-7f7918021000 rw-p 00000000 00:00 0 
7f7918021000-7f791c000000 ---p 00000000 00:00 0 
7f791c6cb000-7f791c6cc000 ---p 00000000 00:00 0 
7f791c6cc000-7f791cecc000 rw-p 00000000 00:00 0 
7f791d1f2000-7f791d1f5000 ---p 00000000 00:00 0 
7f791d1f5000-7f791d2f3000 rw-p 00000000 00:00 0 
7f791d2f3000-7f791d465000 r-xp 00000000 08:06 1572893                    /usr/lib/x86_64-linux-gnu/libstdc++.so.6.0.21
7f791d465000-7f791d665000 ---p 00172000 08:06 1572893                    /usr/lib/x86_64-linux-gnu/libstdc++.so.6.0.21
7f791d665000-7f791d66f000 r--p 00172000 08:06 1572893                    /usr/lib/x86_64-linux-gnu/libstdc++.so.6.0.21
7f791d66f000-7f791d671000 rw-p 0017c000 08:06 1572893                    /usr/lib/x86_64-linux-gnu/libstdc++.so.6.0.21
7f791d671000-7f791d835000 rw-p 00000000 00:00 0 
7f791d835000-7f791d875000 ---p 00000000 00:00 0 
7f791d875000-7f791da75000 rw-p 00000000 00:00 0 
7f791da75000-7f791da78000 ---p 00000000 00:00 0 
7f791da78000-7f791db76000 rw-p 00000000 00:00 0 
7f791db76000-7f791db79000 ---p 00000000 00:00 0 
7f791db79000-7f791de77000 rw-p 00000000 00:00 0 
7f791de77000-7f791e077000 rw-p 00000000 00:00 0 
7f791e077000-7f791e0e1000 r-xp 00000000 08:06 1779504                    /usr/lib/jvm/java-8-oracle/jre/lib/amd64/libt2k.so
7f791e0e1000-7f791e2e0000 ---p 0006a000 08:06 1779504                    /usr/lib/jvm/java-8-oracle/jre/lib/amd64/libt2k.so
7f791e2e0000-7f791e2e7000 rw-p 00069000 08:06 1779504                    /usr/lib/jvm/java-8-oracle/jre/lib/amd64/libt2k.so
7f791e2e7000-7f791e2f7000 rw-p 00000000 00:00 0 
7f791e2f7000-7f791e308000 r-xp 00000000 08:06 1779544                    /usr/lib/jvm/java-8-oracle/jre/lib/amd64/libnio.so
7f791e308000-7f791e507000 ---p 00011000 08:06 1779544                    /usr/lib/jvm/java-8-oracle/jre/lib/amd64/libnio.so
7f791e507000-7f791e508000 rw-p 00010000 08:06 1779544                    /usr/lib/jvm/java-8-oracle/jre/lib/amd64/libnio.so
7f791e508000-7f791e51e000 r-xp 00000000 08:06 1779541                    /usr/lib/jvm/java-8-oracle/jre/lib/amd64/libnet.so
7f791e51e000-7f791e71e000 ---p 00016000 08:06 1779541                    /usr/lib/jvm/java-8-oracle/jre/lib/amd64/libnet.so
7f791e71e000-7f791e71f000 rw-p 00016000 08:06 1779541                    /usr/lib/jvm/java-8-oracle/jre/lib/amd64/libnet.so
7f791e71f000-7f791e91f000 rw-p 00000000 00:00 0 
7f791e91f000-7f791e922000 ---p 00000000 00:00 0 
7f791e922000-7f791ea20000 rw-p 00000000 00:00 0 
7f791ea20000-7f791ea23000 ---p 00000000 00:00 0 
7f791ea23000-7f791eb21000 rw-p 00000000 00:00 0 
7f791eb21000-7f791eb24000 ---p 00000000 00:00 0 
7f791eb24000-7f791ec22000 rw-p 00000000 00:00 0 
7f791ec22000-7f791ec25000 ---p 00000000 00:00 0 
7f791ec25000-7f791ed23000 rw-p 00000000 00:00 0 
7f791ed23000-7f791ed26000 ---p 00000000 00:00 0 
7f791ed26000-7f791ee24000 rw-p 00000000 00:00 0 
7f791ee24000-7f791ee29000 r-xp 00000000 08:06 1582201                    /usr/lib/x86_64-linux-gnu/libXfixes.so.3.1.0
7f791ee29000-7f791f028000 ---p 00005000 08:06 1582201                    /usr/lib/x86_64-linux-gnu/libXfixes.so.3.1.0
7f791f028000-7f791f029000 r--p 00004000 08:06 1582201                    /usr/lib/x86_64-linux-gnu/libXfixes.so.3.1.0
7f791f029000-7f791f02a000 rw-p 00005000 08:06 1582201                    /usr/lib/x86_64-linux-gnu/libXfixes.so.3.1.0
7f791f02a000-7f791f033000 r-xp 00000000 08:06 1575607                    /usr/lib/x86_64-linux-gnu/libXcursor.so.1.0.2
7f791f033000-7f791f232000 ---p 00009000 08:06 1575607                    /usr/lib/x86_64-linux-gnu/libXcursor.so.1.0.2
7f791f232000-7f791f233000 r--p 00008000 08:06 1575607                    /usr/lib/x86_64-linux-gnu/libXcursor.so.1.0.2
7f791f233000-7f791f234000 rw-p 00009000 08:06 1575607                    /usr/lib/x86_64-linux-gnu/libXcursor.so.1.0.2
7f791f234000-7f791f237000 ---p 00000000 00:00 0 
7f791f237000-7f791f335000 rw-p 00000000 00:00 0 
7f791f335000-7f791f34b000 r-xp 00000000 08:06 2888746                    /lib/x86_64-linux-gnu/libgcc_s.so.1
7f791f34b000-7f791f54a000 ---p 00016000 08:06 2888746                    /lib/x86_64-linux-gnu/libgcc_s.so.1
7f791f54a000-7f791f54b000 rw-p 00015000 08:06 2888746                    /lib/x86_64-linux-gnu/libgcc_s.so.1
7f791f54b000-7f791f5b0000 r-xp 00000000 08:06 1779522                    /usr/lib/jvm/java-8-oracle/jre/lib/amd64/libfontmanager.so
7f791f5b0000-7f791f7af000 ---p 00065000 08:06 1779522                    /usr/lib/jvm/java-8-oracle/jre/lib/amd64/libfontmanager.so
7f791f7af000-7f791f7b4000 rw-p 00064000 08:06 1779522                    /usr/lib/jvm/java-8-oracle/jre/lib/amd64/libfontmanager.so
7f791f7b4000-7f791f7c4000 rw-p 00000000 00:00 0 
7f791f7c4000-7f791f7c9000 r-xp 00000000 08:06 1582197                    /usr/lib/x86_64-linux-gnu/libXdmcp.so.6.0.0
7f791f7c9000-7f791f9c8000 ---p 00005000 08:06 1582197                    /usr/lib/x86_64-linux-gnu/libXdmcp.so.6.0.0
7f791f9c8000-7f791f9c9000 r--p 00004000 08:06 1582197                    /usr/lib/x86_64-linux-gnu/libXdmcp.so.6.0.0
7f791f9c9000-7f791f9ca000 rw-p 00005000 08:06 1582197                    /usr/lib/x86_64-linux-gnu/libXdmcp.so.6.0.0
7f791f9ca000-7f791f9cc000 r-xp 00000000 08:06 1582186                    /usr/lib/x86_64-linux-gnu/libXau.so.6.0.0
7f791f9cc000-7f791fbcc000 ---p 00002000 08:06 1582186                    /usr/lib/x86_64-linux-gnu/libXau.so.6.0.0
7f791fbcc000-7f791fbcd000 r--p 00002000 08:06 1582186                    /usr/lib/x86_64-linux-gnu/libXau.so.6.0.0
7f791fbcd000-7f791fbce000 rw-p 00003000 08:06 1582186                    /usr/lib/x86_64-linux-gnu/libXau.so.6.0.0
7f791fbce000-7f791fbef000 r-xp 00000000 08:06 1583564                    /usr/lib/x86_64-linux-gnu/libxcb.so.1.1.0
7f791fbef000-7f791fdee000 ---p 00021000 08:06 1583564                    /usr/lib/x86_64-linux-gnu/libxcb.so.1.1.0
7f791fdee000-7f791fdef000 r--p 00020000 08:06 1583564                    /usr/lib/x86_64-linux-gnu/libxcb.so.1.1.0
7f791fdef000-7f791fdf0000 rw-p 00021000 08:06 1583564                    /usr/lib/x86_64-linux-gnu/libxcb.so.1.1.0
7f791fdf0000-7f791fdff000 r-xp 00000000 08:06 1582207                    /usr/lib/x86_64-linux-gnu/libXi.so.6.1.0
7f791fdff000-7f791fffe000 ---p 0000f000 08:06 1582207                    /usr/lib/x86_64-linux-gnu/libXi.so.6.1.0
7f791fffe000-7f791ffff000 r--p 0000e000 08:06 1582207                    /usr/lib/x86_64-linux-gnu/libXi.so.6.1.0
7f791ffff000-7f7920000000 rw-p 0000f000 08:06 1582207                    /usr/lib/x86_64-linux-gnu/libXi.so.6.1.0
7f7920000000-7f7920021000 rw-p 00000000 00:00 0 
7f7920021000-7f7924000000 ---p 00000000 00:00 0 
7f79240ae000-7f79240b3000 r-xp 00000000 08:06 1582225                    /usr/lib/x86_64-linux-gnu/libXtst.so.6.1.0
7f79240b3000-7f79242b2000 ---p 00005000 08:06 1582225                    /usr/lib/x86_64-linux-gnu/libXtst.so.6.1.0
7f79242b2000-7f79242b3000 r--p 00004000 08:06 1582225                    /usr/lib/x86_64-linux-gnu/libXtst.so.6.1.0
7f79242b3000-7f79242b4000 rw-p 00005000 08:06 1582225                    /usr/lib/x86_64-linux-gnu/libXtst.so.6.1.0
7f79242b4000-7f79242bd000 r-xp 00000000 08:06 1582219                    /usr/lib/x86_64-linux-gnu/libXrender.so.1.3.0
7f79242bd000-7f79244bc000 ---p 00009000 08:06 1582219                    /usr/lib/x86_64-linux-gnu/libXrender.so.1.3.0
7f79244bc000-7f79244bd000 r--p 00008000 08:06 1582219                    /usr/lib/x86_64-linux-gnu/libXrender.so.1.3.0
7f79244bd000-7f79244be000 rw-p 00009000 08:06 1582219                    /usr/lib/x86_64-linux-gnu/libXrender.so.1.3.0
7f79244be000-7f79245f3000 r-xp 00000000 08:06 1582182                    /usr/lib/x86_64-linux-gnu/libX11.so.6.3.0
7f79245f3000-7f79247f3000 ---p 00135000 08:06 1582182                    /usr/lib/x86_64-linux-gnu/libX11.so.6.3.0
7f79247f3000-7f79247f4000 r--p 00135000 08:06 1582182                    /usr/lib/x86_64-linux-gnu/libX11.so.6.3.0
7f79247f4000-7f79247f8000 rw-p 00136000 08:06 1582182                    /usr/lib/x86_64-linux-gnu/libX11.so.6.3.0
7f79247f8000-7f7924809000 r-xp 00000000 08:06 1582199                    /usr/lib/x86_64-linux-gnu/libXext.so.6.4.0
7f7924809000-7f7924a08000 ---p 00011000 08:06 1582199                    /usr/lib/x86_64-linux-gnu/libXext.so.6.4.0
7f7924a08000-7f7924a09000 r--p 00010000 08:06 1582199                    /usr/lib/x86_64-linux-gnu/libXext.so.6.4.0
7f7924a09000-7f7924a0a000 rw-p 00011000 08:06 1582199                    /usr/lib/x86_64-linux-gnu/libXext.so.6.4.0
7f7924a1b000-7f7924a20000 r--s 0009d000 08:06 1779384                    /usr/lib/jvm/java-8-oracle/jre/lib/jsse.jar
7f7924a20000-7f7924a2b000 r--s 0007c000 08:06 3232464                    /home/dauto98/ICT/lab/cplex/cplex/lib/cplex.jar
7f7924a2b000-7f7924a7f000 r-xp 00000000 08:06 1779548                    /usr/lib/jvm/java-8-oracle/jre/lib/amd64/libawt_xawt.so
7f7924a7f000-7f7924c7f000 ---p 00054000 08:06 1779548                    /usr/lib/jvm/java-8-oracle/jre/lib/amd64/libawt_xawt.so
7f7924c7f000-7f7924c83000 rw-p 00054000 08:06 1779548                    /usr/lib/jvm/java-8-oracle/jre/lib/amd64/libawt_xawt.so
7f7924c83000-7f7924c84000 rw-p 00000000 00:00 0 
7f7924c84000-7f7924d26000 r-xp 00000000 08:06 1779534                    /usr/lib/jvm/java-8-oracle/jre/lib/amd64/libawt.so
7f7924d26000-7f7924f26000 ---p 000a2000 08:06 1779534                    /usr/lib/jvm/java-8-oracle/jre/lib/amd64/libawt.so
7f7924f26000-7f7924f32000 rw-p 000a2000 08:06 1779534                    /usr/lib/jvm/java-8-oracle/jre/lib/amd64/libawt.so
7f7924f32000-7f7924f56000 rw-p 00000000 00:00 0 
7f7924f56000-7f7924fec000 r--s 0110a000 08:06 1779389                    /usr/lib/jvm/java-8-oracle/jre/lib/ext/jfxrt.jar
7f7924fec000-7f7924fed000 ---p 00000000 00:00 0 
7f7924fed000-7f79250ed000 rw-p 00000000 00:00 0 
7f79250ed000-7f79250f0000 ---p 00000000 00:00 0 
7f79250f0000-7f79251ee000 rw-p 00000000 00:00 0 
7f79251ee000-7f79251f1000 ---p 00000000 00:00 0 
7f79251f1000-7f79252ef000 rw-p 00000000 00:00 0 
7f79252ef000-7f79252f2000 ---p 00000000 00:00 0 
7f79252f2000-7f79253f0000 rw-p 00000000 00:00 0 
7f79253f0000-7f79253f3000 ---p 00000000 00:00 0 
7f79253f3000-7f79254f1000 rw-p 00000000 00:00 0 
7f79254f1000-7f79254f4000 ---p 00000000 00:00 0 
7f79254f4000-7f79255f2000 rw-p 00000000 00:00 0 
7f79255f2000-7f7925a48000 r--p 00000000 08:06 1574353                    /usr/lib/locale/locale-archive
7f7925a48000-7f7925a4b000 ---p 00000000 00:00 0 
7f7925a4b000-7f7925b49000 rw-p 00000000 00:00 0 
7f7925b49000-7f7925b4c000 ---p 00000000 00:00 0 
7f7925b4c000-7f7925c4a000 rw-p 00000000 00:00 0 
7f7925c4a000-7f7925c4b000 ---p 00000000 00:00 0 
7f7925c4b000-7f7926d0c000 rw-p 00000000 00:00 0 
7f7926d0c000-7f7926ee5000 r--s 03d64000 08:06 1779327                    /usr/lib/jvm/java-8-oracle/jre/lib/rt.jar
7f7926ee5000-7f7927ecd000 rw-p 00000000 00:00 0 
7f7927ecd000-7f7927ece000 ---p 00000000 00:00 0 
7f7927ece000-7f7927fce000 rw-p 00000000 00:00 0 
7f7927fce000-7f7927fcf000 ---p 00000000 00:00 0 
7f7927fcf000-7f79280cf000 rw-p 00000000 00:00 0 
7f79280cf000-7f79280d0000 ---p 00000000 00:00 0 
7f79280d0000-7f79281d0000 rw-p 00000000 00:00 0 
7f79281d0000-7f79281d1000 ---p 00000000 00:00 0 
7f79281d1000-7f7928427000 rw-p 00000000 00:00 0 
7f7928427000-7f7928817000 ---p 00000000 00:00 0 
7f7928817000-7f792896d000 rw-p 00000000 00:00 0 
7f792896d000-7f7928d5c000 ---p 00000000 00:00 0 
7f7928d5c000-7f7928e4d000 rw-p 00000000 00:00 0 
7f7928e4d000-7f7928fff000 ---p 00000000 00:00 0 
7f7928fff000-7f7929000000 rw-p 00000000 00:00 0 
7f7929000000-7f7929c40000 rwxp 00000000 00:00 0 
7f7929c40000-7f7938000000 ---p 00000000 00:00 0 
7f7938000000-7f79384e1000 rw-p 00000000 00:00 0 
7f79384e1000-7f793c000000 ---p 00000000 00:00 0 
7f793c002000-7f793c007000 r--s 00084000 08:06 1779244                    /usr/lib/jvm/java-8-oracle/jre/lib/jfr.jar
7f793c007000-7f793c00c000 r--s 002f9000 08:06 1779325                    /usr/lib/jvm/java-8-oracle/jre/lib/charsets.jar
7f793c00c000-7f793c0f5000 rw-p 00000000 00:00 0 
7f793c0f5000-7f793c484000 ---p 00000000 00:00 0 
7f793c484000-7f793c49f000 r-xp 00000000 08:06 1779537                    /usr/lib/jvm/java-8-oracle/jre/lib/amd64/libzip.so
7f793c49f000-7f793c69f000 ---p 0001b000 08:06 1779537                    /usr/lib/jvm/java-8-oracle/jre/lib/amd64/libzip.so
7f793c69f000-7f793c6a0000 rw-p 0001b000 08:06 1779537                    /usr/lib/jvm/java-8-oracle/jre/lib/amd64/libzip.so
7f793c6a0000-7f793c6ab000 r-xp 00000000 08:06 2917300                    /lib/x86_64-linux-gnu/libnss_files-2.23.so
7f793c6ab000-7f793c8aa000 ---p 0000b000 08:06 2917300                    /lib/x86_64-linux-gnu/libnss_files-2.23.so
7f793c8aa000-7f793c8ab000 r--p 0000a000 08:06 2917300                    /lib/x86_64-linux-gnu/libnss_files-2.23.so
7f793c8ab000-7f793c8ac000 rw-p 0000b000 08:06 2917300                    /lib/x86_64-linux-gnu/libnss_files-2.23.so
7f793c8ac000-7f793c8b2000 rw-p 00000000 00:00 0 
7f793c8b2000-7f793c8bd000 r-xp 00000000 08:06 2917304                    /lib/x86_64-linux-gnu/libnss_nis-2.23.so
7f793c8bd000-7f793cabc000 ---p 0000b000 08:06 2917304                    /lib/x86_64-linux-gnu/libnss_nis-2.23.so
7f793cabc000-7f793cabd000 r--p 0000a000 08:06 2917304                    /lib/x86_64-linux-gnu/libnss_nis-2.23.so
7f793cabd000-7f793cabe000 rw-p 0000b000 08:06 2917304                    /lib/x86_64-linux-gnu/libnss_nis-2.23.so
7f793cabe000-7f793cad4000 r-xp 00000000 08:06 2917284                    /lib/x86_64-linux-gnu/libnsl-2.23.so
7f793cad4000-7f793ccd3000 ---p 00016000 08:06 2917284                    /lib/x86_64-linux-gnu/libnsl-2.23.so
7f793ccd3000-7f793ccd4000 r--p 00015000 08:06 2917284                    /lib/x86_64-linux-gnu/libnsl-2.23.so
7f793ccd4000-7f793ccd5000 rw-p 00016000 08:06 2917284                    /lib/x86_64-linux-gnu/libnsl-2.23.so
7f793ccd5000-7f793ccd7000 rw-p 00000000 00:00 0 
7f793ccd7000-7f793ccdf000 r-xp 00000000 08:06 2917295                    /lib/x86_64-linux-gnu/libnss_compat-2.23.so
7f793ccdf000-7f793cede000 ---p 00008000 08:06 2917295                    /lib/x86_64-linux-gnu/libnss_compat-2.23.so
7f793cede000-7f793cedf000 r--p 00007000 08:06 2917295                    /lib/x86_64-linux-gnu/libnss_compat-2.23.so
7f793cedf000-7f793cee0000 rw-p 00008000 08:06 2917295                    /lib/x86_64-linux-gnu/libnss_compat-2.23.so
7f793cee0000-7f793cf0b000 r-xp 00000000 08:06 1779531                    /usr/lib/jvm/java-8-oracle/jre/lib/amd64/libjava.so
7f793cf0b000-7f793d10a000 ---p 0002b000 08:06 1779531                    /usr/lib/jvm/java-8-oracle/jre/lib/amd64/libjava.so
7f793d10a000-7f793d10c000 rw-p 0002a000 08:06 1779531                    /usr/lib/jvm/java-8-oracle/jre/lib/amd64/libjava.so
7f793d10c000-7f793d119000 r-xp 00000000 08:06 1779536                    /usr/lib/jvm/java-8-oracle/jre/lib/amd64/libverify.so
7f793d119000-7f793d319000 ---p 0000d000 08:06 1779536                    /usr/lib/jvm/java-8-oracle/jre/lib/amd64/libverify.so
7f793d319000-7f793d31b000 rw-p 0000d000 08:06 1779536                    /usr/lib/jvm/java-8-oracle/jre/lib/amd64/libverify.so
7f793d31b000-7f793d322000 r-xp 00000000 08:06 2917305                    /lib/x86_64-linux-gnu/librt-2.23.so
7f793d322000-7f793d521000 ---p 00007000 08:06 2917305                    /lib/x86_64-linux-gnu/librt-2.23.so
7f793d521000-7f793d522000 r--p 00006000 08:06 2917305                    /lib/x86_64-linux-gnu/librt-2.23.so
7f793d522000-7f793d523000 rw-p 00007000 08:06 2917305                    /lib/x86_64-linux-gnu/librt-2.23.so
7f793d523000-7f793d62b000 r-xp 00000000 08:06 2917283                    /lib/x86_64-linux-gnu/libm-2.23.so
7f793d62b000-7f793d82a000 ---p 00108000 08:06 2917283                    /lib/x86_64-linux-gnu/libm-2.23.so
7f793d82a000-7f793d82b000 r--p 00107000 08:06 2917283                    /lib/x86_64-linux-gnu/libm-2.23.so
7f793d82b000-7f793d82c000 rw-p 00108000 08:06 2917283                    /lib/x86_64-linux-gnu/libm-2.23.so
7f793d82c000-7f793e505000 r-xp 00000000 08:06 1779514                    /usr/lib/jvm/java-8-oracle/jre/lib/amd64/server/libjvm.so
7f793e505000-7f793e704000 ---p 00cd9000 08:06 1779514                    /usr/lib/jvm/java-8-oracle/jre/lib/amd64/server/libjvm.so
7f793e704000-7f793e7dd000 rw-p 00cd8000 08:06 1779514                    /usr/lib/jvm/java-8-oracle/jre/lib/amd64/server/libjvm.so
7f793e7dd000-7f793e829000 rw-p 00000000 00:00 0 
7f793e829000-7f793e9e9000 r-xp 00000000 08:06 2917287                    /lib/x86_64-linux-gnu/libc-2.23.so
7f793e9e9000-7f793ebe9000 ---p 001c0000 08:06 2917287                    /lib/x86_64-linux-gnu/libc-2.23.so
7f793ebe9000-7f793ebed000 r--p 001c0000 08:06 2917287                    /lib/x86_64-linux-gnu/libc-2.23.so
7f793ebed000-7f793ebef000 rw-p 001c4000 08:06 2917287                    /lib/x86_64-linux-gnu/libc-2.23.so
7f793ebef000-7f793ebf3000 rw-p 00000000 00:00 0 
7f793ebf3000-7f793ebf6000 r-xp 00000000 08:06 2917289                    /lib/x86_64-linux-gnu/libdl-2.23.so
7f793ebf6000-7f793edf5000 ---p 00003000 08:06 2917289                    /lib/x86_64-linux-gnu/libdl-2.23.so
7f793edf5000-7f793edf6000 r--p 00002000 08:06 2917289                    /lib/x86_64-linux-gnu/libdl-2.23.so
7f793edf6000-7f793edf7000 rw-p 00003000 08:06 2917289                    /lib/x86_64-linux-gnu/libdl-2.23.so
7f793edf7000-7f793ee0d000 r-xp 00000000 08:06 1779152                    /usr/lib/jvm/java-8-oracle/lib/amd64/jli/libjli.so
7f793ee0d000-7f793f00c000 ---p 00016000 08:06 1779152                    /usr/lib/jvm/java-8-oracle/lib/amd64/jli/libjli.so
7f793f00c000-7f793f00d000 rw-p 00015000 08:06 1779152                    /usr/lib/jvm/java-8-oracle/lib/amd64/jli/libjli.so
7f793f00d000-7f793f025000 r-xp 00000000 08:06 2917286                    /lib/x86_64-linux-gnu/libpthread-2.23.so
7f793f025000-7f793f224000 ---p 00018000 08:06 2917286                    /lib/x86_64-linux-gnu/libpthread-2.23.so
7f793f224000-7f793f225000 r--p 00017000 08:06 2917286                    /lib/x86_64-linux-gnu/libpthread-2.23.so
7f793f225000-7f793f226000 rw-p 00018000 08:06 2917286                    /lib/x86_64-linux-gnu/libpthread-2.23.so
7f793f226000-7f793f22a000 rw-p 00000000 00:00 0 
7f793f22a000-7f793f250000 r-xp 00000000 08:06 2917285                    /lib/x86_64-linux-gnu/ld-2.23.so
7f793f250000-7f793f255000 r--s 0009d000 08:06 1779384                    /usr/lib/jvm/java-8-oracle/jre/lib/jsse.jar
7f793f255000-7f793f328000 rw-p 00000000 00:00 0 
7f793f328000-7f793f32b000 ---p 00000000 00:00 0 
7f793f32b000-7f793f42e000 rw-p 00000000 00:00 0 
7f793f42f000-7f793f432000 r--s 0001a000 08:06 1779557                    /usr/lib/jvm/java-8-oracle/jre/lib/jce.jar
7f793f432000-7f793f445000 r--s 00345000 08:06 1779365                    /usr/lib/jvm/java-8-oracle/jre/lib/resources.jar
7f793f445000-7f793f44d000 rw-s 00000000 08:06 787095                     /tmp/hsperfdata_dauto98/8338
7f793f44d000-7f793f44e000 rw-p 00000000 00:00 0 
7f793f44e000-7f793f44f000 r--p 00000000 00:00 0 
7f793f44f000-7f793f450000 r--p 00025000 08:06 2917285                    /lib/x86_64-linux-gnu/ld-2.23.so
7f793f450000-7f793f451000 rw-p 00026000 08:06 2917285                    /lib/x86_64-linux-gnu/ld-2.23.so
7f793f451000-7f793f452000 rw-p 00000000 00:00 0 
7ffcc34c3000-7ffcc34e4000 rw-p 00000000 00:00 0                          [stack]
7ffcc35a3000-7ffcc35a6000 r--p 00000000 00:00 0                          [vvar]
7ffcc35a6000-7ffcc35a8000 r-xp 00000000 00:00 0                          [vdso]
ffffffffff600000-ffffffffff601000 r-xp 00000000 00:00 0                  [vsyscall]

VM Arguments:
jvm_args: -Djava.library.path=/home/dauto98/ICT/lab/cplex/cplex/bin/x86-64_linux -Xms1024m -Xmx4048m -Dfile.encoding=UTF-8 
java_command: sensordemo.SensorDemo
java_class_path (initial): /usr/lib/jvm/java-8-oracle/jre/lib/resources.jar:/usr/lib/jvm/java-8-oracle/jre/lib/rt.jar:/usr/lib/jvm/java-8-oracle/jre/lib/jsse.jar:/usr/lib/jvm/java-8-oracle/jre/lib/jce.jar:/usr/lib/jvm/java-8-oracle/jre/lib/charsets.jar:/usr/lib/jvm/java-8-oracle/jre/lib/jfr.jar:/usr/lib/jvm/java-8-oracle/jre/lib/ext/dnsns.jar:/usr/lib/jvm/java-8-oracle/jre/lib/ext/sunpkcs11.jar:/usr/lib/jvm/java-8-oracle/jre/lib/ext/nashorn.jar:/usr/lib/jvm/java-8-oracle/jre/lib/ext/jaccess.jar:/usr/lib/jvm/java-8-oracle/jre/lib/ext/localedata.jar:/usr/lib/jvm/java-8-oracle/jre/lib/ext/cldrdata.jar:/usr/lib/jvm/java-8-oracle/jre/lib/ext/zipfs.jar:/usr/lib/jvm/java-8-oracle/jre/lib/ext/sunjce_provider.jar:/usr/lib/jvm/java-8-oracle/jre/lib/ext/jfxrt.jar:/usr/lib/jvm/java-8-oracle/jre/lib/ext/sunec.jar:/home/dauto98/eclipse/eclipse-workspace/SensorDemo/bin:/home/dauto98/ICT/lab/cplex/cplex/lib/cplex.jar
Launcher Type: SUN_STANDARD

Environment Variables:
JAVA_HOME=/usr/lib/jvm/java-8-oracle
PATH=/home/dauto98/bin:/home/dauto98/.local/bin:/usr/local/sbin:/usr/local/bin:/usr/sbin:/usr/bin:/sbin:/bin:/usr/games:/usr/local/games:/snap/bin:/usr/lib/jvm/java-8-oracle/bin:/usr/lib/jvm/java-8-oracle/db/bin:/usr/lib/jvm/java-8-oracle/jre/bin
SHELL=/bin/bash
DISPLAY=:0

Signal Handlers:
SIGSEGV: [libjvm.so+0xad01e0], sa_mask[0]=11111111011111111101111111111110, sa_flags=SA_RESTART|SA_SIGINFO
SIGBUS: [libjvm.so+0xad01e0], sa_mask[0]=11111111011111111101111111111110, sa_flags=SA_RESTART|SA_SIGINFO
SIGFPE: [libjvm.so+0x927fb0], sa_mask[0]=11111111011111111101111111111110, sa_flags=SA_RESTART|SA_SIGINFO
SIGPIPE: [libjvm.so+0x927fb0], sa_mask[0]=11111111011111111101111111111110, sa_flags=SA_RESTART|SA_SIGINFO
SIGXFSZ: [libjvm.so+0x927fb0], sa_mask[0]=11111111011111111101111111111110, sa_flags=SA_RESTART|SA_SIGINFO
SIGILL: [libjvm.so+0x927fb0], sa_mask[0]=11111111011111111101111111111110, sa_flags=SA_RESTART|SA_SIGINFO
SIGUSR1: SIG_DFL, sa_mask[0]=00000000000000000000000000000000, sa_flags=none
SIGUSR2: [libjvm.so+0x9297f0], sa_mask[0]=00100000000000000000000000000000, sa_flags=SA_RESTART|SA_SIGINFO
SIGHUP: [libjvm.so+0x92abf0], sa_mask[0]=11111111011111111101111111111110, sa_flags=SA_RESTART|SA_SIGINFO
SIGINT: [libjvm.so+0x92abf0], sa_mask[0]=11111111011111111101111111111110, sa_flags=SA_RESTART|SA_SIGINFO
SIGTERM: [libjvm.so+0x92abf0], sa_mask[0]=11111111011111111101111111111110, sa_flags=SA_RESTART|SA_SIGINFO
SIGQUIT: [libjvm.so+0x92abf0], sa_mask[0]=11111111011111111101111111111110, sa_flags=SA_RESTART|SA_SIGINFO


---------------  S Y S T E M  ---------------

OS:DISTRIB_ID=Ubuntu
DISTRIB_RELEASE=16.04
DISTRIB_CODENAME=xenial
DISTRIB_DESCRIPTION="Ubuntu 16.04.4 LTS"

uname:Linux 4.4.0-116-generic #140-Ubuntu SMP Mon Feb 12 21:23:04 UTC 2018 x86_64
libc:glibc 2.23 NPTL 2.23 
rlimit: STACK 8192k, CORE 0k, NPROC 31391, NOFILE 1048576, AS infinity
load average:1,64 1,25 1,12

/proc/meminfo:
MemTotal:        8077108 kB
MemFree:          901932 kB
MemAvailable:    4124560 kB
Buffers:          828612 kB
Cached:          2503444 kB
SwapCached:            0 kB
Active:          4703784 kB
Inactive:        1737828 kB
Active(anon):    3114492 kB
Inactive(anon):   364652 kB
Active(file):    1589292 kB
Inactive(file):  1373176 kB
Unevictable:          80 kB
Mlocked:              80 kB
SwapTotal:       7999484 kB
SwapFree:        7999484 kB
Dirty:               716 kB
Writeback:             0 kB
AnonPages:       3109680 kB
Mapped:           528556 kB
Shmem:            369592 kB
Slab:             605632 kB
SReclaimable:     564544 kB
SUnreclaim:        41088 kB
KernelStack:       11968 kB
PageTables:        53804 kB
NFS_Unstable:          0 kB
Bounce:                0 kB
WritebackTmp:          0 kB
CommitLimit:    12038036 kB
Committed_AS:    9215232 kB
VmallocTotal:   34359738367 kB
VmallocUsed:           0 kB
VmallocChunk:          0 kB
HardwareCorrupted:     0 kB
AnonHugePages:   1730560 kB
CmaTotal:              0 kB
CmaFree:               0 kB
HugePages_Total:       0
HugePages_Free:        0
HugePages_Rsvd:        0
HugePages_Surp:        0
Hugepagesize:       2048 kB
DirectMap4k:      197604 kB
DirectMap2M:     8093696 kB


CPU:total 4 (initial active 4) (2 cores per cpu, 2 threads per core) family 6 model 42 stepping 7, cmov, cx8, fxsr, mmx, sse, sse2, sse3, ssse3, sse4.1, sse4.2, popcnt, avx, clmul, ht, tsc, tscinvbit

/proc/cpuinfo:
processor	: 0
vendor_id	: GenuineIntel
cpu family	: 6
model		: 42
model name	: Intel(R) Core(TM) i3-2330M CPU @ 2.20GHz
stepping	: 7
microcode	: 0x29
cpu MHz		: 2200.000
cache size	: 3072 KB
physical id	: 0
siblings	: 4
core id		: 0
cpu cores	: 2
apicid		: 0
initial apicid	: 0
fpu		: yes
fpu_exception	: yes
cpuid level	: 13
wp		: yes
flags		: fpu vme de pse tsc msr pae mce cx8 apic sep mtrr pge mca cmov pat pse36 clflush dts acpi mmx fxsr sse sse2 ss ht tm pbe syscall nx rdtscp lm constant_tsc arch_perfmon pebs bts rep_good nopl xtopology nonstop_tsc aperfmperf eagerfpu pni pclmulqdq dtes64 monitor ds_cpl vmx est tm2 ssse3 cx16 xtpr pdcm pcid sse4_1 sse4_2 x2apic popcnt tsc_deadline_timer xsave avx lahf_lm epb retpoline kaiser tpr_shadow vnmi flexpriority ept vpid xsaveopt dtherm arat pln pts
bugs		: cpu_meltdown spectre_v1 spectre_v2
bogomips	: 4390.13
clflush size	: 64
cache_alignment	: 64
address sizes	: 36 bits physical, 48 bits virtual
power management:

processor	: 1
vendor_id	: GenuineIntel
cpu family	: 6
model		: 42
model name	: Intel(R) Core(TM) i3-2330M CPU @ 2.20GHz
stepping	: 7
microcode	: 0x29
cpu MHz		: 2199.914
cache size	: 3072 KB
physical id	: 0
siblings	: 4
core id		: 1
cpu cores	: 2
apicid		: 2
initial apicid	: 2
fpu		: yes
fpu_exception	: yes
cpuid level	: 13
wp		: yes
flags		: fpu vme de pse tsc msr pae mce cx8 apic sep mtrr pge mca cmov pat pse36 clflush dts acpi mmx fxsr sse sse2 ss ht tm pbe syscall nx rdtscp lm constant_tsc arch_perfmon pebs bts rep_good nopl xtopology nonstop_tsc aperfmperf eagerfpu pni pclmulqdq dtes64 monitor ds_cpl vmx est tm2 ssse3 cx16 xtpr pdcm pcid sse4_1 sse4_2 x2apic popcnt tsc_deadline_timer xsave avx lahf_lm epb retpoline kaiser tpr_shadow vnmi flexpriority ept vpid xsaveopt dtherm arat pln pts
bugs		: cpu_meltdown spectre_v1 spectre_v2
bogomips	: 4390.13
clflush size	: 64
cache_alignment	: 64
address sizes	: 36 bits physical, 48 bits virtual
power management:

processor	: 2
vendor_id	: GenuineIntel
cpu family	: 6
model		: 42
model name	: Intel(R) Core(TM) i3-2330M CPU @ 2.20GHz
stepping	: 7
microcode	: 0x29
cpu MHz		: 2200.000
cache size	: 3072 KB
physical id	: 0
siblings	: 4
core id		: 0
cpu cores	: 2
apicid		: 1
initial apicid	: 1
fpu		: yes
fpu_exception	: yes
cpuid level	: 13
wp		: yes
flags		: fpu vme de pse tsc msr pae mce cx8 apic sep mtrr pge mca cmov pat pse36 clflush dts acpi mmx fxsr sse sse2 ss ht tm pbe syscall nx rdtscp lm constant_tsc arch_perfmon pebs bts rep_good nopl xtopology nonstop_tsc aperfmperf eagerfpu pni pclmulqdq dtes64 monitor ds_cpl vmx est tm2 ssse3 cx16 xtpr pdcm pcid sse4_1 sse4_2 x2apic popcnt tsc_deadline_timer xsave avx lahf_lm epb retpoline kaiser tpr_shadow vnmi flexpriority ept vpid xsaveopt dtherm arat pln pts
bugs		: cpu_meltdown spectre_v1 spectre_v2
bogomips	: 4390.13
clflush size	: 64
cache_alignment	: 64
address sizes	: 36 bits physical, 48 bits virtual
power management:

processor	: 3
vendor_id	: GenuineIntel
cpu family	: 6
model		: 42
model name	: Intel(R) Core(TM) i3-2330M CPU @ 2.20GHz
stepping	: 7
microcode	: 0x29
cpu MHz		: 2200.000
cache size	: 3072 KB
physical id	: 0
siblings	: 4
core id		: 1
cpu cores	: 2
apicid		: 3
initial apicid	: 3
fpu		: yes
fpu_exception	: yes
cpuid level	: 13
wp		: yes
flags		: fpu vme de pse tsc msr pae mce cx8 apic sep mtrr pge mca cmov pat pse36 clflush dts acpi mmx fxsr sse sse2 ss ht tm pbe syscall nx rdtscp lm constant_tsc arch_perfmon pebs bts rep_good nopl xtopology nonstop_tsc aperfmperf eagerfpu pni pclmulqdq dtes64 monitor ds_cpl vmx est tm2 ssse3 cx16 xtpr pdcm pcid sse4_1 sse4_2 x2apic popcnt tsc_deadline_timer xsave avx lahf_lm epb retpoline kaiser tpr_shadow vnmi flexpriority ept vpid xsaveopt dtherm arat pln pts
bugs		: cpu_meltdown spectre_v1 spectre_v2
bogomips	: 4390.13
clflush size	: 64
cache_alignment	: 64
address sizes	: 36 bits physical, 48 bits virtual
power management:



Memory: 4k page, physical 8077108k(901932k free), swap 7999484k(7999484k free)

vm_info: Java HotSpot(TM) 64-Bit Server VM (25.161-b12) for linux-amd64 JRE (1.8.0_161-b12), built on Dec 19 2017 16:12:43 by "java_re" with gcc 4.3.0 20080428 (Red Hat 4.3.0-8)

time: Wed Mar 28 10:27:12 2018
elapsed time: 1007 seconds (0d 0h 16m 47s)

